Using pre-set license
Built from '2022.3/staging' branch; Version is '2022.3.44f1 (c3ae09b9f03c) revision 12824073'; Using compiler version '192829333'; Build Type 'Release'
OS: 'Windows 10  (10.0.19041) 64bit Professional' Language: 'en' Physical Memory: 11164 MB
BatchMode: 1, IsHumanControllingUs: 0, StartBugReporterOnCrash: 0, Is64bit: 1, IsPro: 1

COMMAND LINE ARGUMENTS:
C:\Program Files\Unity\Hub\Editor\2022.3.44f1\Editor\Unity.exe
-adb2
-batchMode
-noUpm
-name
AssetImportWorker1
-projectPath
D:/POLTEK Batam/Tugas PBL/Semester 5/Workspace/stockrising/Stock Rising
-logFile
Logs/AssetImportWorker1.log
-srvPort
49866
Successfully changed project path to: D:/POLTEK Batam/Tugas PBL/Semester 5/Workspace/stockrising/Stock Rising
D:/POLTEK Batam/Tugas PBL/Semester 5/Workspace/stockrising/Stock Rising
[UnityMemory] Configuration Parameters - Can be set up in boot.config
    "memorysetup-bucket-allocator-granularity=16"
    "memorysetup-bucket-allocator-bucket-count=8"
    "memorysetup-bucket-allocator-block-size=33554432"
    "memorysetup-bucket-allocator-block-count=8"
    "memorysetup-main-allocator-block-size=16777216"
    "memorysetup-thread-allocator-block-size=16777216"
    "memorysetup-gfx-main-allocator-block-size=16777216"
    "memorysetup-gfx-thread-allocator-block-size=16777216"
    "memorysetup-cache-allocator-block-size=4194304"
    "memorysetup-typetree-allocator-block-size=2097152"
    "memorysetup-profiler-bucket-allocator-granularity=16"
    "memorysetup-profiler-bucket-allocator-bucket-count=8"
    "memorysetup-profiler-bucket-allocator-block-size=33554432"
    "memorysetup-profiler-bucket-allocator-block-count=8"
    "memorysetup-profiler-allocator-block-size=16777216"
    "memorysetup-profiler-editor-allocator-block-size=1048576"
    "memorysetup-temp-allocator-size-main=16777216"
    "memorysetup-job-temp-allocator-block-size=2097152"
    "memorysetup-job-temp-allocator-block-size-background=1048576"
    "memorysetup-job-temp-allocator-reduction-small-platforms=262144"
    "memorysetup-allocator-temp-initial-block-size-main=262144"
    "memorysetup-allocator-temp-initial-block-size-worker=262144"
    "memorysetup-temp-allocator-size-background-worker=32768"
    "memorysetup-temp-allocator-size-job-worker=262144"
    "memorysetup-temp-allocator-size-preload-manager=33554432"
    "memorysetup-temp-allocator-size-nav-mesh-worker=65536"
    "memorysetup-temp-allocator-size-audio-worker=65536"
    "memorysetup-temp-allocator-size-cloud-worker=32768"
    "memorysetup-temp-allocator-size-gi-baking-worker=262144"
    "memorysetup-temp-allocator-size-gfx=262144"
Player connection [9396]  Target information:

Player connection [9396]  * "[IP] 192.168.100.22 [Port] 0 [Flags] 2 [Guid] 404700081 [EditorId] 404700081 [Version] 1048832 [Id] WindowsEditor(7,WIN-6IVFJSD488J) [Debug] 1 [PackageName] WindowsEditor [ProjectName] Editor" 

Player connection [9396] Host joined multi-casting on [225.0.0.222:54997]...
Player connection [9396] Host joined alternative multi-casting on [225.0.0.222:34997]...
[PhysX] Initialized MultithreadedTaskDispatcher with 8 workers.
Refreshing native plugins compatible for Editor in 23.52 ms, found 3 plugins.
Preloading 0 native plugins for Editor in 0.00 ms.
Initialize engine version: 2022.3.44f1 (c3ae09b9f03c)
[Subsystems] Discovering subsystems at path C:/Program Files/Unity/Hub/Editor/2022.3.44f1/Editor/Data/Resources/UnitySubsystems
[Subsystems] Discovering subsystems at path D:/POLTEK Batam/Tugas PBL/Semester 5/Workspace/stockrising/Stock Rising/Assets
GfxDevice: creating device client; threaded=0; jobified=0
Direct3D:
    Version:  Direct3D 11.0 [level 11.1]
    Renderer: AMD Radeon(TM) Vega 8 Graphics (ID=0x15dd)
    Vendor:   ATI
    VRAM:     5582 MB
    Driver:   31.0.12027.9001
Initialize mono
Mono path[0] = 'C:/Program Files/Unity/Hub/Editor/2022.3.44f1/Editor/Data/Managed'
Mono path[1] = 'C:/Program Files/Unity/Hub/Editor/2022.3.44f1/Editor/Data/MonoBleedingEdge/lib/mono/unityjit-win32'
Mono config path = 'C:/Program Files/Unity/Hub/Editor/2022.3.44f1/Editor/Data/MonoBleedingEdge/etc'
Using monoOptions --debugger-agent=transport=dt_socket,embedding=1,server=y,suspend=n,address=127.0.0.1:56108
Begin MonoManager ReloadAssembly
Registering precompiled unity dll's ...
Register platform support module: C:/Program Files/Unity/Hub/Editor/2022.3.44f1/Editor/Data/PlaybackEngines/WindowsStandaloneSupport/UnityEditor.WindowsStandalone.Extensions.dll
Registered in 0.023399 seconds.
- Loaded All Assemblies, in  1.260 seconds
Native extension for WindowsStandalone target not found
Mono: successfully reloaded assembly
- Finished resetting the current domain, in  0.955 seconds
Domain Reload Profiling: 2211ms
	BeginReloadAssembly (330ms)
		ExecutionOrderSort (0ms)
		DisableScriptedObjects (0ms)
		BackupInstance (0ms)
		ReleaseScriptingObjects (0ms)
		CreateAndSetChildDomain (2ms)
	RebuildCommonClasses (116ms)
	RebuildNativeTypeToScriptingClass (40ms)
	initialDomainReloadingComplete (322ms)
	LoadAllAssembliesAndSetupDomain (446ms)
		LoadAssemblies (325ms)
		RebuildTransferFunctionScriptingTraits (0ms)
		AnalyzeDomain (422ms)
			TypeCache.Refresh (418ms)
				TypeCache.ScanAssembly (378ms)
			ScanForSourceGeneratedMonoScriptInfo (1ms)
			ResolveRequiredComponents (1ms)
	FinalizeReload (956ms)
		ReleaseScriptCaches (0ms)
		RebuildScriptCaches (0ms)
		SetupLoadedEditorAssemblies (812ms)
			LogAssemblyErrors (0ms)
			InitializePlatformSupportModulesInManaged (27ms)
			SetLoadedEditorAssemblies (21ms)
			RefreshPlugins (0ms)
			BeforeProcessingInitializeOnLoad (7ms)
			ProcessInitializeOnLoadAttributes (602ms)
			ProcessInitializeOnLoadMethodAttributes (155ms)
			AfterProcessingInitializeOnLoad (0ms)
			EditorAssembliesLoaded (0ms)
		ExecutionOrderSort2 (0ms)
		AwakeInstancesAfterBackupRestoration (0ms)
========================================================================
Worker process is ready to serve import requests
Caller must complete domain reload
Begin MonoManager ReloadAssembly
- Loaded All Assemblies, in  2.185 seconds
Native extension for WindowsStandalone target not found
Package Manager log level set to [2]
[Package Manager] Server::EnsureServerProcessIsRunning -- launch failed, reason: Unity was launched with the -noUpm command-line argument
[Package Manager] UpmClient::Send -- Unable to send message (not connected to UPM process).
[Package Manager] Cannot connect to Unity Package Manager local server
Mono: successfully reloaded assembly
- Finished resetting the current domain, in  2.252 seconds
Domain Reload Profiling: 4430ms
	BeginReloadAssembly (569ms)
		ExecutionOrderSort (0ms)
		DisableScriptedObjects (19ms)
		BackupInstance (0ms)
		ReleaseScriptingObjects (0ms)
		CreateAndSetChildDomain (61ms)
	RebuildCommonClasses (130ms)
	RebuildNativeTypeToScriptingClass (41ms)
	initialDomainReloadingComplete (227ms)
	LoadAllAssembliesAndSetupDomain (1210ms)
		LoadAssemblies (996ms)
		RebuildTransferFunctionScriptingTraits (0ms)
		AnalyzeDomain (576ms)
			TypeCache.Refresh (510ms)
				TypeCache.ScanAssembly (465ms)
			ScanForSourceGeneratedMonoScriptInfo (46ms)
			ResolveRequiredComponents (17ms)
	FinalizeReload (2253ms)
		ReleaseScriptCaches (0ms)
		RebuildScriptCaches (0ms)
		SetupLoadedEditorAssemblies (1802ms)
			LogAssemblyErrors (0ms)
			InitializePlatformSupportModulesInManaged (21ms)
			SetLoadedEditorAssemblies (13ms)
			RefreshPlugins (0ms)
			BeforeProcessingInitializeOnLoad (184ms)
			ProcessInitializeOnLoadAttributes (1438ms)
			ProcessInitializeOnLoadMethodAttributes (117ms)
			AfterProcessingInitializeOnLoad (28ms)
			EditorAssembliesLoaded (0ms)
		ExecutionOrderSort2 (0ms)
		AwakeInstancesAfterBackupRestoration (31ms)
Launched and connected shader compiler UnityShaderCompiler.exe after 0.38 seconds
Refreshing native plugins compatible for Editor in 17.13 ms, found 3 plugins.
Preloading 0 native plugins for Editor in 0.00 ms.
Unloading 3135 Unused Serialized files (Serialized files now loaded: 0)
Unloading 19 unused Assets / (54.6 KB). Loaded Objects now: 3602.
Memory consumption went from 122.7 MB to 122.6 MB.
Total: 8.619500 ms (FindLiveObjects: 0.578600 ms CreateObjectMapping: 0.582000 ms MarkObjects: 7.226900 ms  DeleteObjects: 0.229600 ms)

AssetImportParameters requested are different than current active one (requested -> active):
  custom:container-demuxer-ogg: 62fdf1f143b41e24485cea50d1cbac27 -> 
  custom:video-decoder-ogg-theora: a1e56fd34408186e4bbccfd4996cb3dc -> 
  custom:framework-win-MediaFoundation: 216162199b28c13a410421893ffa2e32 -> 
  custom:CustomObjectIndexerAttribute: 9a22284fe3817be447336de3de66b15e -> 
  custom:container-demuxer-webm: 4f35f7cbe854078d1ac9338744f61a02 -> 
  custom:container-muxer-webm: aa71ff27fc2769a1b78a27578f13a17b -> 
  custom:video-decoder-webm-vp8: 9c59270c3fd7afecdb556c50c9e8de78 -> 
  custom:SearchIndexIgnoredProperties: e643bd26f0fe6173181afceb89e7c659 -> 
  custom:AudioImporter_EditorPlatform: d09bf68614088b80899f8185d706f6e7 -> 
  custom:video-encoder-webm-vp8: eb34c28f22e8b96e1ab97ce403110664 -> 
  custom:audio-decoder-ogg-vorbis: bf7c407c2cedff20999df2af8eb42d56 -> 
  custom:audio-encoder-webm-vorbis: bf7c407c2cedff20999df2af8eb42d56 -> 
========================================================================
Received Import Request.
  Time since last request: 1300.464181 seconds.
  path: Assets/Scripts/Rumor Phase Mechanic/RumorCardButtonScript.cs
  artifactKey: Guid(58d167cde2c3b3f4fa62e8251f3f10b5) Importer(815301076,1909f56bfc062723c751e8b465ee728b)
Start importing Assets/Scripts/Rumor Phase Mechanic/RumorCardButtonScript.cs using Guid(58d167cde2c3b3f4fa62e8251f3f10b5) Importer(815301076,1909f56bfc062723c751e8b465ee728b) [PhysX] Initialized MultithreadedTaskDispatcher with 8 workers.
 -> (artifact id: '5f353f9a0323adb7b5fd005dd7160308') in 0.007217 seconds
Number of updated asset objects reloaded before import = 0
Number of asset objects unloaded after import = 0
========================================================================
Received Import Request.
  Time since last request: 102.392981 seconds.
  path: Assets/Objects/Card/Textures/Rumor Card Textures/uv_KR3.png
  artifactKey: Guid(b6bcc545f676a8443b8d6846500912a2) Importer(815301076,1909f56bfc062723c751e8b465ee728b)
Start importing Assets/Objects/Card/Textures/Rumor Card Textures/uv_KR3.png using Guid(b6bcc545f676a8443b8d6846500912a2) Importer(815301076,1909f56bfc062723c751e8b465ee728b) [PhysX] Initialized MultithreadedTaskDispatcher with 8 workers.
[PhysX] Initialized MultithreadedTaskDispatcher with 8 workers.
 -> (artifact id: '73f3ee70efd9b495b26fe4083558cca6') in 0.234647 seconds
Number of updated asset objects reloaded before import = 0
Number of asset objects unloaded after import = 2
========================================================================
Received Import Request.
  Time since last request: 0.000052 seconds.
  path: Assets/Objects/Card/Textures/Rumor Card Textures/uv_KR6.png
  artifactKey: Guid(29adbd722b0760f41bca3e0dc957d783) Importer(815301076,1909f56bfc062723c751e8b465ee728b)
Start importing Assets/Objects/Card/Textures/Rumor Card Textures/uv_KR6.png using Guid(29adbd722b0760f41bca3e0dc957d783) Importer(815301076,1909f56bfc062723c751e8b465ee728b) [PhysX] Initialized MultithreadedTaskDispatcher with 8 workers.
[PhysX] Initialized MultithreadedTaskDispatcher with 8 workers.
 -> (artifact id: 'b35794f3df996399b9a2fc276cb6182b') in 0.033427 seconds
Number of updated asset objects reloaded before import = 0
Number of asset objects unloaded after import = 2
========================================================================
Received Import Request.
  Time since last request: 0.000051 seconds.
  path: Assets/Objects/Card/Textures/Rumor Card Textures/uv_KR14.png
  artifactKey: Guid(a36e9df6128d62f44b424f1977e51a48) Importer(815301076,1909f56bfc062723c751e8b465ee728b)
Start importing Assets/Objects/Card/Textures/Rumor Card Textures/uv_KR14.png using Guid(a36e9df6128d62f44b424f1977e51a48) Importer(815301076,1909f56bfc062723c751e8b465ee728b) [PhysX] Initialized MultithreadedTaskDispatcher with 8 workers.
[PhysX] Initialized MultithreadedTaskDispatcher with 8 workers.
 -> (artifact id: '24f46f203a8f9c99bcfef2a928ab9821') in 0.045906 seconds
Number of updated asset objects reloaded before import = 0
Number of asset objects unloaded after import = 2
========================================================================
Received Import Request.
  Time since last request: 0.000036 seconds.
  path: Assets/Objects/Card/Textures/Rumor Card Textures/uv_KR15.png
  artifactKey: Guid(cdb5d26e396572c40802b9e5acd4d754) Importer(815301076,1909f56bfc062723c751e8b465ee728b)
Start importing Assets/Objects/Card/Textures/Rumor Card Textures/uv_KR15.png using Guid(cdb5d26e396572c40802b9e5acd4d754) Importer(815301076,1909f56bfc062723c751e8b465ee728b) [PhysX] Initialized MultithreadedTaskDispatcher with 8 workers.
[PhysX] Initialized MultithreadedTaskDispatcher with 8 workers.
 -> (artifact id: 'de38031806393367c51cc4d75e14493f') in 0.053647 seconds
Number of updated asset objects reloaded before import = 0
Number of asset objects unloaded after import = 2
========================================================================
Received Import Request.
  Time since last request: 0.000030 seconds.
  path: Assets/Objects/Card/Textures/Rumor Card Textures/uv_KR4.png
  artifactKey: Guid(ea6002f7d21c5024d8677afbf5e3c570) Importer(815301076,1909f56bfc062723c751e8b465ee728b)
Start importing Assets/Objects/Card/Textures/Rumor Card Textures/uv_KR4.png using Guid(ea6002f7d21c5024d8677afbf5e3c570) Importer(815301076,1909f56bfc062723c751e8b465ee728b) [PhysX] Initialized MultithreadedTaskDispatcher with 8 workers.
[PhysX] Initialized MultithreadedTaskDispatcher with 8 workers.
 -> (artifact id: '865f25dd80f4cf24b263fbb43dcd9acd') in 0.040438 seconds
Number of updated asset objects reloaded before import = 0
Number of asset objects unloaded after import = 2
========================================================================
Received Import Request.
  Time since last request: 0.000042 seconds.
  path: Assets/Objects/Card/Textures/Rumor Card Textures/uv_KR12.png
  artifactKey: Guid(b7beb769ffd5c264b812d94898e1282f) Importer(815301076,1909f56bfc062723c751e8b465ee728b)
Start importing Assets/Objects/Card/Textures/Rumor Card Textures/uv_KR12.png using Guid(b7beb769ffd5c264b812d94898e1282f) Importer(815301076,1909f56bfc062723c751e8b465ee728b) [PhysX] Initialized MultithreadedTaskDispatcher with 8 workers.
[PhysX] Initialized MultithreadedTaskDispatcher with 8 workers.
 -> (artifact id: '76ffb16551dbc1d3e5e422d3d3f2d523') in 0.033430 seconds
Number of updated asset objects reloaded before import = 0
Number of asset objects unloaded after import = 2
========================================================================
Received Import Request.
  Time since last request: 0.000042 seconds.
  path: Assets/Objects/Card/Textures/Rumor Card Textures/uv_KR16.png
  artifactKey: Guid(e2a8925afac6fa249a9cb72074e980fd) Importer(815301076,1909f56bfc062723c751e8b465ee728b)
Start importing Assets/Objects/Card/Textures/Rumor Card Textures/uv_KR16.png using Guid(e2a8925afac6fa249a9cb72074e980fd) Importer(815301076,1909f56bfc062723c751e8b465ee728b) [PhysX] Initialized MultithreadedTaskDispatcher with 8 workers.
[PhysX] Initialized MultithreadedTaskDispatcher with 8 workers.
 -> (artifact id: '756192c89d44c8aedd7e9684a6dc9bcf') in 0.038858 seconds
Number of updated asset objects reloaded before import = 0
Number of asset objects unloaded after import = 2
========================================================================
Received Import Request.
  Time since last request: 0.000049 seconds.
  path: Assets/Objects/Card/Textures/Rumor Card Textures/uv_KR11.png
  artifactKey: Guid(a363dec24af57db4da40ebd856cddf04) Importer(815301076,1909f56bfc062723c751e8b465ee728b)
Start importing Assets/Objects/Card/Textures/Rumor Card Textures/uv_KR11.png using Guid(a363dec24af57db4da40ebd856cddf04) Importer(815301076,1909f56bfc062723c751e8b465ee728b) [PhysX] Initialized MultithreadedTaskDispatcher with 8 workers.
[PhysX] Initialized MultithreadedTaskDispatcher with 8 workers.
 -> (artifact id: '5e1d8779da8196b4e8f75c281dfff21e') in 0.032104 seconds
Number of updated asset objects reloaded before import = 0
Number of asset objects unloaded after import = 2
========================================================================
Received Import Request.
  Time since last request: 0.826000 seconds.
  path: Assets/Objects/Card/Textures/Rumor Card Textures/uv_KR18.png
  artifactKey: Guid(a96bd8e008ba84045afb67c729522684) Importer(815301076,1909f56bfc062723c751e8b465ee728b)
Start importing Assets/Objects/Card/Textures/Rumor Card Textures/uv_KR18.png using Guid(a96bd8e008ba84045afb67c729522684) Importer(815301076,1909f56bfc062723c751e8b465ee728b) [PhysX] Initialized MultithreadedTaskDispatcher with 8 workers.
[PhysX] Initialized MultithreadedTaskDispatcher with 8 workers.
 -> (artifact id: 'd4cdfbaa286fe2a87d69ed1e21027d72') in 0.042184 seconds
Number of updated asset objects reloaded before import = 0
Number of asset objects unloaded after import = 2
========================================================================
Received Import Request.
  Time since last request: 0.000049 seconds.
  path: Assets/Objects/Card/Textures/Rumor Card Textures/uv_KR20.png
  artifactKey: Guid(9b67c697693cfae4cbc37d0555821742) Importer(815301076,1909f56bfc062723c751e8b465ee728b)
Start importing Assets/Objects/Card/Textures/Rumor Card Textures/uv_KR20.png using Guid(9b67c697693cfae4cbc37d0555821742) Importer(815301076,1909f56bfc062723c751e8b465ee728b) [PhysX] Initialized MultithreadedTaskDispatcher with 8 workers.
[PhysX] Initialized MultithreadedTaskDispatcher with 8 workers.
 -> (artifact id: '0d5d514ed3e7e1ccffe97fff217d11c2') in 0.032209 seconds
Number of updated asset objects reloaded before import = 0
Number of asset objects unloaded after import = 2
========================================================================
Received Import Request.
  Time since last request: 0.189731 seconds.
  path: Assets/Objects/Card/Textures/Rumor Card Textures/uv_KR23.png
  artifactKey: Guid(a543ab62d2cb11443be326d5ffe52d49) Importer(815301076,1909f56bfc062723c751e8b465ee728b)
Start importing Assets/Objects/Card/Textures/Rumor Card Textures/uv_KR23.png using Guid(a543ab62d2cb11443be326d5ffe52d49) Importer(815301076,1909f56bfc062723c751e8b465ee728b) [PhysX] Initialized MultithreadedTaskDispatcher with 8 workers.
[PhysX] Initialized MultithreadedTaskDispatcher with 8 workers.
 -> (artifact id: '483b1b0865a40c4479aeabf3aaaa1b95') in 0.030793 seconds
Number of updated asset objects reloaded before import = 0
Number of asset objects unloaded after import = 2
========================================================================
Received Import Request.
  Time since last request: 0.000041 seconds.
  path: Assets/Objects/Card/Textures/Rumor Card Textures/uv_KR25.png
  artifactKey: Guid(0eb3be356d7f3524d853e63e5f190eb0) Importer(815301076,1909f56bfc062723c751e8b465ee728b)
Start importing Assets/Objects/Card/Textures/Rumor Card Textures/uv_KR25.png using Guid(0eb3be356d7f3524d853e63e5f190eb0) Importer(815301076,1909f56bfc062723c751e8b465ee728b) [PhysX] Initialized MultithreadedTaskDispatcher with 8 workers.
[PhysX] Initialized MultithreadedTaskDispatcher with 8 workers.
 -> (artifact id: '80c1df13a93ee547133036f03877180f') in 0.048341 seconds
Number of updated asset objects reloaded before import = 0
Number of asset objects unloaded after import = 2
========================================================================
Received Import Request.
  Time since last request: 0.000053 seconds.
  path: Assets/Objects/Card/Textures/Rumor Card Textures/uv_KR24.png
  artifactKey: Guid(046b04d9c2e4f694d8f186908821342c) Importer(815301076,1909f56bfc062723c751e8b465ee728b)
Start importing Assets/Objects/Card/Textures/Rumor Card Textures/uv_KR24.png using Guid(046b04d9c2e4f694d8f186908821342c) Importer(815301076,1909f56bfc062723c751e8b465ee728b) [PhysX] Initialized MultithreadedTaskDispatcher with 8 workers.
[PhysX] Initialized MultithreadedTaskDispatcher with 8 workers.
 -> (artifact id: 'ecf422cc962a48eba3d00682a45bd2e6') in 0.035604 seconds
Number of updated asset objects reloaded before import = 0
Number of asset objects unloaded after import = 2
========================================================================
Received Import Request.
  Time since last request: 0.031794 seconds.
  path: Assets/Objects/Card/Textures/Rumor Card Textures/uv_KR28.png
  artifactKey: Guid(0344f3218fab1534ab1269b85fbc461d) Importer(815301076,1909f56bfc062723c751e8b465ee728b)
Start importing Assets/Objects/Card/Textures/Rumor Card Textures/uv_KR28.png using Guid(0344f3218fab1534ab1269b85fbc461d) Importer(815301076,1909f56bfc062723c751e8b465ee728b) [PhysX] Initialized MultithreadedTaskDispatcher with 8 workers.
[PhysX] Initialized MultithreadedTaskDispatcher with 8 workers.
 -> (artifact id: '91498be021d9bd75d7c1b5c250fa88f4') in 0.030456 seconds
Number of updated asset objects reloaded before import = 0
Number of asset objects unloaded after import = 2
